PS Laboratories Structure Image Fetch — 2026-07-14T10:24:05.425Z
Total CID entries: 1066
Successfully fetched: 1063
Failed: 3

=== RESULTS ===

[OK] ACY100 (CID 135398513)
[OK] ADN100 (CID 60961)
[OK] ALB100 (CID 2082)
[OK] ALB201 (CID 134030)
[OK] ALB202 (CID 83969)
[OK] ALB203 (CID 53174)
[OK] ALB204 (CID 88125)
[OK] ALB205 (CID 25429)
[OK] ALF100 (CID 71764)
[OK] ALF201 (CID 13544735)
[OK] ALF202 (CID 90235)
[OK] ALF203 (CID 13544709)
[OK] ALF205 (CID 16062570)
[OK] ALF206 (CID 29503)
[OK] ALP100 (CID 135401907)
[OK] ALP201 (CID 2723907)
[OK] ALP202 (CID 44819953)
[OK] ALP203 (CID 53396993)
[OK] ALP204 (CID 81472)
[OK] ALR401 (CID 12870)
[OK] ALT100 (CID 2122)
[OK] ALT401 (CID 23275290)
[OK] AMD100 (CID 441325)
[OK] AMD401 (CID 77951)
[OK] AMT100 (CID 11065)
[OK] AMT201 (CID 14589)
[OK] AMT202 (CID 22576)
[OK] AML100 (CID 6435922)
[OK] AML201 (CID 9871958)
[OK] AML202 (CID 10393223)
[OK] AML204 (CID 14271877)
[OK] AML205 (CID 11293140)
[OK] AML206 (CID 11200267)
[OK] AML207 (CID 737062)
[OK] AML208 (CID 9937612)
[OK] AML301 (CID 129318512)
[OK] AML401 (CID 13663186)
[OK] AMX100 (CID 62883)
[OK] AMX201 (CID 11082)
[OK] APX401 (CID 22240488)
[OK] APX402 (CID 22240440)
[OK] APX403 (CID 56956411)
[OK] APX404 (CID 10203943)
[OK] APX405 (CID 78358432)
[OK] APX406 (CID 78358433)
[OK] APX407 (CID 22352226)
[OK] APX408 (CID 11184437)
[OK] APX409 (CID 11711790)
[OK] APX410 (CID 23635387)
[OK] APX412 (CID 90011393)
[OK] APX413 (CID 89740127)
[OK] APX414 (CID 121349000)
[OK] APX415 (CID 149783451)
[OK] APX416 (CID 125407270)
[OK] APX417 (CID 78358434)
[OK] APX418 (CID 90287004)
[OK] APR100 (CID 11561674)
[OK] APR401 (CID 11282264)
[OK] ARG100 (CID 6322)
[OK] ARG401 (CID 2723604)
[OK] ARP100 (CID 60795)
[OK] ARP201 (CID 2785758)
[OK] ARP202 (CID 11630372)
[OK] ARP205 (CID 10114519)
[OK] ARP206 (CID 10288582)
[OK] ARP302 (CID 71316195)
[OK] ARP401 (CID 10467467)
[OK] ARP402 (CID 10542064)
[OK] ARP403 (CID 10975787)
[OK] ARP404 (CID 11492345)
[OK] ARP406 (CID 71749508)
[OK] ASP100 (CID 134601)
[OK] ASP202 (CID 93078)
[OK] ASP203 (CID 994)
[OK] ASP401 (CID 403)
[OK] ATN100 (CID 2249)
[OK] ATN201 (CID 86986)
[OK] ATN202 (CID 572441)
[OK] ATN203 (CID 119857)
[OK] ATN204 (CID 572460)
[OK] ATN205 (CID 22296373)
[OK] ATN206 (CID 624265)
[OK] ATN207 (CID 62936)
[OK] ATN209 (CID 71023124)
[OK] ATN210 (CID 14211540)
[OK] ATM100 (CID 54840)
[OK] ATM201 (CID 69249766)
[OK] ATM205 (CID 439616)
[OK] ATM208 (CID 2733989)
[OK] ATR100 (CID 60822)
[OK] ATR206 (CID 57831782)
[OK] ATR214 (CID 11238911)
[OK] ATR401 (CID 10099576)
[OK] ATP100 (CID 656678)
[OK] ATP201 (CID 64695)
[OK] ATP202 (CID 12442859)
[OK] ATP203 (CID 10726)
[OK] ATP401 (CID 10921700)
[OK] ATP403 (CID 449293)
[OK] AZL101 (CID 135415867)
[OK] AZL401 (CID 18693013)
[OK] AZL402 (CID 72703976)
[OK] AZL404 (CID 145709346)
[OK] AZL413 (CID 23198037)
[OK] AZL414 (CID 135742013)
[OK] AZL415 (CID 71762590)
[OK] AZL416 (CID 15654674)
[OK] AZL417 (CID 135723831)
[OK] AZT100 (CID 3033819)
[OK] AZT201 (CID 9810601)
[OK] AZT206 (CID 71315738)
[OK] AZT209 (CID 9987533)
[OK] AZT210 (CID 9851445)
[OK] BNZ100 (CID 473368)
[OK] BNZ301 (CID 67136)
[OK] CRT100 (CID 5280489)
[OK] BTH201 (CID 7521)
[OK] BTH100 (CID 2366)
[OK] BTH203 (CID 57362186)
[OK] BTH401 (CID 7675)
[OK] BLS100 (CID 185460)
[OK] BLS401 (CID 86344063)
[OK] BSP100 (CID 5281064)
[OK] BSP211 (CID 24206461)
[OK] BSP212 (CID 13621729)
[OK] BSP214 (CID 59873141)
[OK] BSP217 (CID 71315685)
[OK] BSP401 (CID 12540204)
[OK] BRX100 (CID 11978813)
[OK] BRX401 (CID 71244384)
[OK] BRX402 (CID 134398517)
[OK] BRX403 (CID 5382213)
[OK] BRX404 (CID 71777087)
[OK] BRX405 (CID 132246771)
[OK] BRX406 (CID 132085174)
[OK] BRX407 (CID 132085173)
[OK] BRX408 (CID 11857245)
[OK] BRX409 (CID 125451300)
[OK] BRX410 (CID 125449220)
[OK] BRX411 (CID 57482541)
[OK] BRX412 (CID 126572370)
[OK] BRX413 (CID 12094208)
[OK] BRX414 (CID 163203186)
[OK] BRX415 (CID 56605040)
[OK] BRX416 (CID 10756315)
[OK] BRX417 (CID 102602660)
[OK] BRX418 (CID 44256485)
[OK] BRX501 (CID 12398605)
[OK] BRM100 (CID 2435)
[OK] BRM201 (CID 10198248)
[OK] BRM203 (CID 237859)
[OK] BRP100 (CID 5281067)
[OK] BRP201 (CID 2725)
[OK] BRP203 (CID 4761)
[OK] BRP401 (CID 103435)
[OK] BRP402 (CID 14337904)
[OK] BMT100 (CID 2471)
[OK] BMT201 (CID 119926)
[OK] BMT202 (CID 119927)
[OK] BMT203 (CID 122917)
[OK] BMT204 (CID 71315622)
[OK] BMT401 (CID 6483888)
[OK] BPV100 (CID 64737)
[OK] BPV201 (CID 3084749)
[OK] BPV202 (CID 115282)
[OK] BPV203 (CID 76969854)
[OK] BPV204 (CID 118989971)
[OK] BPV205 (CID 71314334)
[OK] BPV501 (CID 1018)
[OK] BPR100 (CID 62884)
[OK] BPR301 (CID 3031065)
[OK] BPR302 (CID 3031061)
[OK] BPR303 (CID 18323632)
[OK] BPR304 (CID 3047298)
[OK] BPR305 (CID 13585598)
[OK] BPR306 (CID 10012623)
[OK] BPR401 (CID 4992116)
[OK] BPR402 (CID 587128)
[OK] BPR403 (CID 44542959)
[OK] BSR100 (CID 36431)
[OK] BSR201 (CID 88747)
[OK] BSR202 (CID 657505)
[OK] BSR207 (CID 3228611)
[OK] BSR211 (CID 136843)
[OK] BSR212 (CID 13568455)
[OK] BSR213 (CID 11208851)
[OK] BSR214 (CID 56692441)
[OK] BSL100 (CID 2478)
[OK] CND100 (CID 2540)
[OK] CND201 (CID 9869241)
[OK] CND401 (CID 10053461)
[OK] CRB100 (CID 2554)
[OK] CRB201 (CID 19099)
[OK] CRB202 (CID 11913)
[OK] CRB204 (CID 9212)
[OK] CRB205 (CID 10308)
[OK] CRB206 (CID 182151)
[OK] CRV100 (CID 7439)
[OK] CFD100 (CID 47964)
[OK] CFD401 (CID 33498)
[OK] CLX100 (CID 2662)
[OK] CLX201 (CID 10199832)
[OK] CLX202 (CID 9951856)
[OK] CLX401 (CID 10156660)
[OK] CLX402 (CID 2794567)
[OK] CLX403 (CID 25015334)
[OK] CLX405 (CID 550193)
[OK] CLX406 (CID 15772021)
[OK] CLX407 (CID 10069246)
[OK] CLX408 (CID 11455)
[OK] CLX409 (CID 8500)
[OK] CLX410 (CID 6426663)
[OK] CTR100 (CID 55182)
[OK] CTR201 (CID 9340)
[OK] CTR202 (CID 25063264)
[OK] CTR203 (CID 53651410)
[OK] CTR205 (CID 3068854)
[OK] CTR206 (CID 3068851)
[OK] CTR207 (CID 24720930)
[OK] CTR301 (CID 9844843)
[OK] CTR302 (CID 24720908)
[OK] CTR401 (CID 608480)
[OK] CTR403 (CID 8401)
[OK] CTR404 (CID 8653)
[OK] CTR405 (CID 45038602)
[OK] CTR407 (CID 668697)
[OK] CTR408 (CID 9844843)
[OK] CTR409 (CID 66098)
[OK] CTR410 (CID 70048)
[OK] CTR411 (CID 5234748)
[OK] CHD100 (CID 2712)
[OK] CHD201 (CID 13756)
[OK] CHD203 (CID 12870)
[OK] CHR100 (CID 2719)
[OK] CHR401 (CID 112288)
[OK] CHP100 (CID 5281068)
[OK] CHP201 (CID 20111736)
[OK] CHP202 (CID 14547)
[OK] CHP203 (CID 161321)
[OK] CHP204 (CID 103434)
[OK] CHP401 (CID 46781011)
[OK] CHP402 (CID 11636816)
[OK] CHP403 (CID 13646739)
[OK] CHP404 (CID 78054)
[OK] CHP405 (CID 99025)
[OK] CHL100 (CID 2732)
[OK] CHL201 (CID 12850057)
[OK] CHL202 (CID 78924)
[OK] CHL203 (CID 125344102)
[OK] CHL204 (CID 131668410)
[OK] CHL205 (CID 12850963)
[OK] CHL207 (CID 46781014)
[OK] CHL210 (CID 11777357)
[OK] CHL402 (CID 177897019)
[OK] CHL502 (CID 5073852)
[OK] CHL503 (CID 327658)
[OK] CHZ100 (CID 2733)
[OK] CHZ301 (CID 7265)
[OK] CHZ401 (CID 4684)
[OK] CNT100 (CID 156418)
[OK] CNT401 (CID 2724264)
[OK] CNT402 (CID 719451)
[OK] CNT403 (CID 24855929)
[OK] CPR100 (CID 2764)
[OK] CPR101 (CID 62998)
[OK] CPR201 (CID 483180)
[OK] CPR203 (CID 63000)
[OK] CLR100 (CID 84029)
[OK] CLZ201 (CID 74830)
[OK] CLN100 (CID 2803)
[OK] CLN201 (CID 79350)
[OK] CLN202 (CID 701904)
[OK] CLN203 (CID 11846)
[OK] CLN401 (CID 225030)
[OK] CLP101 (CID 2806)
[OK] CLS100 (CID 42574)
[OK] CLS201 (CID 8631)
[OK] CLS202 (CID 2723752)
[OK] DBG403 (CID 11627749)
[OK] DBG409 (CID 155923181)
[OK] DBG411 (CID 138988221)
[OK] DBG412 (CID 155884446)
[OK] DBG414 (CID 11984503)
[OK] DBG415 (CID 283475)
[OK] DBG416 (CID 70968095)
[OK] DBG100 (CID 135565674)
[OK] DBG401 (CID 70984799)
[OK] DBG402 (CID 446804)
[OK] DBG404 (CID 11982993)
[OK] DBG405 (CID 135565549)
[OK] DBG406 (CID 817965)
[OK] DBG407 (CID 144740646)
[OK] DBG408 (CID 135741694)
[OK] DCT100 (CID 451668)
[OK] DCT303 (CID 67534037)
[OK] DSL100 (CID 124087)
[OK] DSL203 (CID 3957)
[OK] DSL401 (CID 60680)
[OK] DSL306 (CID 14554138)
[OK] DSL402 (CID 53650487)
[OK] DSL403 (CID 31843)
[OK] DSL404 (CID 18715187)
[OK] DSL405 (CID 71751122)
[OK] DXT100 (CID 5360696)
[OK] DXT401 (CID 5484286)
[OK] DXT402 (CID 5360697)
[OK] DXT403 (CID 53375568)
[OK] DZP100 (CID 3016)
[OK] DZP201 (CID 2997)
[OK] DZP202 (CID 80117)
[OK] DCZ401 (CID 18942170)
[OK] DCZ402 (CID 23035185)
[OK] DCZ403 (CID 131667557)
[OK] DCZ404 (CID 15664190)
[OK] DCZ405 (CID 15052913)
[OK] DCL100 (CID 5018304)
[OK] DCL201 (CID 27211)
[OK] DCL202 (CID 12906536)
[OK] DCL203 (CID 15646808)
[OK] DCL204 (CID 23680224)
[OK] DCL205 (CID 321710)
[OK] DCL206 (CID 2666195)
[OK] DLT100 (CID 39186)
[OK] DLT202 (CID 11110671)
[OK] DLT205 (CID 2733673)
[OK] DBS100 (CID 45358052)
[OK] DBS401 (CID 785)
[OK] DNP100 (CID 5741)
[OK] DNP201 (CID 10446897)
[OK] DNP202 (CID 75018)
[OK] DNP204 (CID 10085230)
[OK] DNP206 (CID 10762160)
[OK] DNP401 (CID 11613681)
[OK] DNP402 (CID 11188628)
[OK] DNP403 (CID 16063453)
[OK] DRZ100 (CID 6918132)
[OK] DRZ202 (CID 71587445)
[OK] DXZ100 (CID 62978)
[OK] DLX100 (CID 60834)
[OK] DLX202 (CID 10095047)
[OK] DLX204 (CID 7005)
[OK] ELG100 (CID 11250647)
[OK] ELG501 (CID 145613)
[OK] ELG502 (CID 2774790)
[OK] EMT100 (CID 60877)
[OK] EMT501 (CID 53401165)
[OK] ENL100 (CID 5388961)
[OK] ENL501 (CID 83525)
[OK] ENL502 (CID 107)
[OK] EPR100 (CID 5281037)
[OK] ERY100 (CID 12560)
[OK] ESK100 (CID 44632368)
[OK] ESK201 (CID 13086940)
[OK] ESK202 (CID 129318411)
[OK] ESK203 (CID 827018)
[OK] ESK401 (CID 13086941)
[OK] ESM100 (CID 9568614)
[OK] ESM201 (CID 665603)
[OK] ESM203 (CID 155794)
[OK] ESM204 (CID 145900)
[OK] ESM205 (CID 10992053)
[OK] EST100 (CID 5757)
[OK] EST302 (CID 245468)
[OK] ETH100 (CID 3278)
[OK] ETH201 (CID 71036)
[OK] ETH402 (CID 154124476)
[OK] ETR100 (CID 123619)
[OK] ETR301 (CID 82529)
[OK] ETR302 (CID 572345)
[OK] ETR401 (CID 10590807)
[OK] ETR402 (CID 9925991)
[OK] ETR403 (CID 44266508)
[OK] FBX100 (CID 134018)
[OK] FBX401 (CID 46849409)
[OK] FBX402 (CID 46849410)
[OK] FBX403 (CID 9884549)
[OK] FBX404 (CID 66691921)
[OK] FBX405 (CID 67479596)
[OK] FBX406 (CID 10904158)
[OK] FBX407 (CID 19965145)
[OK] FBX408 (CID 167995457)
[OK] FBX409 (CID 146013869)
[OK] FLB301 (CID 213060)
[OK] FLB302 (CID 233105)
[OK] FLB401 (CID 129012025)
[OK] FLB402 (CID 254178)
[OK] FLB403 (CID 9921310)
[OK] FND201 (CID 25429)
[OK] FNB100 (CID 3339)
[OK] FNB201 (CID 123504)
[OK] FNB202 (CID 64929)
[OK] FNB206 (CID 11033076)
[OK] FNB207 (CID 71316725)
[OK] FNT100 (CID 51754)
[OK] FNT201 (CID 32238)
[OK] FNT202 (CID 71316744)
[OK] FNT203 (CID 71316742)
[OK] FNT204 (CID 131872044)
[OK] FNT205 (CID 71751643)
[OK] FNT501 (CID 71022)
[OK] FXN100 (CID 3348)
[OK] FXN201 (CID 9935699)
[OK] FXN203 (CID 24018644)
[OK] FXN205 (CID 15723)
[OK] FXN401 (CID 10062338)
[OK] FLC100 (CID 41022)
[OK] FLC202 (CID 90865)
[OK] FLX100 (CID 62857)
[OK] FLX201 (CID 2733989)
[OK] FLX202 (CID 35417)
[OK] FLX203 (CID 14822873)
[OK] FLX301 (CID 57369875)
[OK] FSM100 (CID 10199068)
[OK] FSM201 (CID 13341041)
[OK] FSM203 (CID 19848425)
[OK] GBP100 (CID 3446)
[OK] GBP201 (CID 47457)
[OK] GBP202 (CID 11073797)
[OK] GBP205 (CID 260003)
[OK] GLC100 (CID 3475)
[OK] GLC201 (CID 6269)
[OK] GLC202 (CID 6453079)
[OK] GLC203 (CID 79683)
[OK] GLC204 (CID 25038694)
[OK] GLC401 (CID 16213802)
[OK] GLM100 (CID 3476)
[OK] GLM202 (CID 11772520)
[OK] GLM203 (CID 16678662)
[OK] GLP201 (CID 9883549)
[OK] GLP202 (CID 7965)
[OK] GLP207 (CID 13340907)
[OK] GFN100 (CID 3516)
[OK] GFN201 (CID 460)
[OK] GFN203 (CID 121230801)
[OK] GFN204 (CID 97669)
[OK] GFN401 (CID 98357)
[OK] GNN100 (CID 135398634)
[OK] HLP100 (CID 3559)
[OK] HLP201 (CID 18367)
[OK] HLP202 (CID 71315272)
[OK] HLP204 (CID 16657446)
[OK] HLP208 (CID 11825335)
[OK] HLP401 (CID 19750)
[OK] HLP402 (CID 38282)
[OK] HLP403 (CID 11825335)
[OK] HLP404 (CID 11825335)
[OK] HYR401 (CID 9207)
[OK] HYD100 (CID 3639)
[OK] HYD202 (CID 67136)
[OK] HYX100 (CID 12947)
[OK] HYX207 (CID 6866)
[OK] IBP100 (CID 3672)
[OK] IBP202 (CID 12046192)
[OK] IBP205 (CID 93214)
[OK] IBP401 (CID 170486)
[OK] IBP210 (CID 11499530)
[OK] IPM201 (CID 10439744)
[OK] IPM202 (CID 13589964)
[OK] IRB100 (CID 3749)
[OK] IRB201 (CID 68617604)
[OK] IRB401 (CID 10176995)
[OK] IRB402 (CID 1501912)
[OK] IRB403 (CID 11100227)
[OK] IRB404 (CID 11507097)
[OK] IRB405 (CID 1393896)
[OK] ISR100 (CID 12597)
[OK] ISR201 (CID 6883)
[OK] ISR202 (CID 27661)
[OK] ITR100 (CID 55283)
[OK] IVB100 (CID 3045381)
[OK] IVB401 (CID 1482373)
[OK] IVB402 (CID 13092503)
[OK] IVB403 (CID 19092190)
[OK] IVB404 (CID 13092510)
[OK] IVB405 (CID 8006)
[OK] IVB408 (CID 16115313)
[OK] IVB409 (CID 77461077)
[OK] KTM100 (CID 15851)
[OK] KTM201 (CID 13086940)
[OK] KTM202 (CID 129318411)
[OK] KTM203 (CID 827018)
[OK] KTM401 (CID 81224)
[OK] KTP100 (CID 3825)
[OK] KTP201 (CID 2763076)
[OK] KTP203 (CID 44398682)
[OK] KTP204 (CID 577332)
[OK] KTP205 (CID 3042314)
[OK] KTP206 (CID 39325)
[OK] KTP207 (CID 98370)
[OK] KTP208 (CID 15520851)
[OK] LBT100 (CID 71412)
[OK] LBT201 (CID 71749709)
[OK] LBT202 (CID 71749710)
[OK] LCD401 (CID 12989341)
[OK] LCS100 (CID 219078)
[OK] LCS201 (CID 10634426)
[OK] LCS202 (CID 67362182)
[OK] LCS203 (CID 59499756)
[OK] LCS204 (CID 10104501)
[OK] LCS205 (CID 10655432)
[OK] LCS206 (CID 10889901)
[OK] LCS207 (CID 11500)
[OK] LCS209 (CID 145926986)
[OK] LCS210 (CID 7504)
[OK] LCS211 (CID 11127734)
[OK] LCS212 (CID 44315500)
[OK] LCS401 (CID 10558933)
[OK] LCS403 (CID 72889)
[OK] LCS404 (CID 21634104)
[OK] LMT201 (CID 135564536)
[OK] LMT205 (CID 5765)
[OK] LMT206 (CID 18329573)
[OK] LMT401 (CID 138109702)
[OK] LNS201 (CID 23656863)
[OK] LNS202 (CID 10385385)
[OK] LNS203 (CID 1094080)
[OK] LNS204 (CID 11985)
[OK] LNS205 (CID 707035)
[OK] LNS401 (CID 11326133)
[OK] LNS402 (CID 23656862)
[OK] LFN100 (CID 3899)
[OK] LFN201 (CID 9964)
[OK] LFN202 (CID 54684141)
[OK] LFN203 (CID 7314718)
[OK] LFN204 (CID 1425240)
[OK] LFN205 (CID 9860220)
[OK] LFN206 (CID 21912858)
[OK] LFN207 (CID 850271)
[OK] LFN208 (CID 3823803)
[OK] LFN401 (CID 317668)
[OK] LFN402 (CID 4589692)
[OK] LFN403 (CID 13609518)
[OK] LND100 (CID 216326)
[OK] LVC100 (CID 1549000)
[OK] LVC207 (CID 3419898)
[OK] LVC401 (CID 668697)
[OK] LVC402 (CID 42603192)
[OK] LVD100 (CID 6047)
[OK] LVD201 (CID 33755)
[OK] LVD202 (CID 6057)
[OK] LVD203 (CID 1670)
[OK] LVD204 (CID 92222)
[OK] LVD401 (CID 13919748)
[OK] LVD402 (CID 275285)
[OK] LDC100 (CID 3676)
[OK] LDC201 (CID 6896)
[OK] LDC202 (CID 3036923)
[OK] LDC203 (CID 16616)
[OK] LDC204 (CID 12441775)
[OK] LDC205 (CID 2109210)
[OK] LDC206 (CID 118989034)
[OK] LDC207 (CID 118989035)
[OK] LDC208 (CID 70798)
[OK] LDC209 (CID 13781345)
[OK] LDC210 (CID 121230623)
[OK] LDC401 (CID 28447)
[OK] LDC402 (CID 235665)
[OK] LNG100 (CID 10096344)
[OK] LSN100 (CID 5362118)
[OK] LSN202 (CID 6101)
[OK] LSN203 (CID 29982756)
[OK] LSN204 (CID 29982753)
[OK] IOH301 (CID 11115326)
[OK] IOH302 (CID 10395011)
[OK] IOH303 (CID 11783255)
[OK] LPR100 (CID 3955)
[OK] LPR203 (CID 38282)
[OK] LRT100 (CID 3957)
[OK] LRT202 (CID 9816260)
[OK] LRT204 (CID 124087)
[OK] LRT207 (CID 31843)
[OK] LRZ302 (CID 18069)
[OK] LRN100 (CID 54690031)
[OK] LSR100 (CID 3961)
[OK] LSR101 (CID 11751549)
[OK] LSR201 (CID 2735662)
[OK] LSR204 (CID 55176)
[OK] LSR211 (CID 9802264)
[OK] LRS100 (CID 213046)
[OK] LRS401 (CID 129011995)
[OK] LRS402 (CID 131667924)
[OK] LRS403 (CID 50918847)
[OK] LRS404 (CID 89994627)
[OK] LRS405 (CID 58098005)
[OK] LRS407 (CID 71578599)
[OK] LRS408 (CID 253483)
[OK] MFN100 (CID 4044)
[OK] MFN201 (CID 6893)
[OK] MFN203 (CID 8374)
[OK] MFN204 (CID 243)
[OK] MLT100 (CID 896)
[OK] MLT301 (CID 1833)
[OK] MLR100 (CID 25381)
[OK] MLX100 (CID 54677470)
[OK] MLX201 (CID 54679348)
[OK] MLX202 (CID 351770)
[OK] MLX203 (CID 76963248)
[OK] MLX204 (CID 71316609)
[OK] MLX205 (CID 54676532)
[OK] MLX206 (CID 54686201)
[OK] MNT100 (CID 181458)
[OK] MNT301 (CID 12800)
[OK] MNT302 (CID 265793)
[OK] MNT303 (CID 3259679)
[OK] MNT304 (CID 98317)
[OK] MNT305 (CID 2842768)
[OK] MNT401 (CID 5276209)
[OK] MNT402 (CID 12910657)
[OK] MSL100 (CID 4075)
[OK] MSL201 (CID 403)
[OK] MSL202 (CID 11568)
[OK] MSL203 (CID 5801)
[OK] MSL204 (CID 7419)
[OK] MSL205 (CID 4649)
[OK] MSL206 (CID 68443)
[OK] MSL207 (CID 3469)
[OK] MSL208 (CID 338)
[OK] MSL209 (CID 76603)
[OK] MSL210 (CID 15788080)
[OK] MSL211 (CID 8870)
[OK] MSL212 (CID 8374)
[OK] MSL213 (CID 17287)
[OK] MSL214 (CID 7318)
[OK] MSL215 (CID 8479)
[OK] MSL217 (CID 19870)
[OK] MSL218 (CID 6807)
[OK] MTZ100 (CID 23674183)
[OK] MTZ201 (CID 72666)
[OK] MTZ202 (CID 2151)
[OK] MTZ204 (CID 6009)
[OK] MTZ205 (CID 19145)
[OK] MTF100 (CID 14219)
[OK] MTF201 (CID 10005)
[OK] MTF204 (CID 7955)
[OK] MTF205 (CID 15486)
[OK] MTS100 (CID 6010)
[OK] MTL100 (CID 4170)
[OK] MTL201 (CID 71737794)
[OK] MTL202 (CID 71737791)
[OK] MTL204 (CID 72941457)
[OK] MTL205 (CID 90079)
[OK] MTP100 (CID 62937)
[OK] MTP201 (CID 10377584)
[OK] MTP202 (CID 92516)
[OK] MTP203 (CID 13621729)
[OK] MTP204 (CID 13186849)
[OK] MTP206 (CID 3123920)
[OK] MTP207 (CID 10393)
[OK] MTP215 (CID 117064500)
[OK] MTP302 (CID 2793898)
[OK] MTR100 (CID 4173)
[OK] MTR201 (CID 12760)
[OK] MTR202 (CID 18208)
[OK] MTR203 (CID 2783816)
[OK] MTR204 (CID 3248693)
[OK] MTR205 (CID 69715)
[OK] MTR206 (CID 204324)
[OK] MTR207 (CID 115249)
[OK] MLN100 (CID 65833)
[OK] MLN401 (CID 11745119)
[OK] MRB100 (CID 9865528)
[OK] MRB401 (CID 34665)
[OK] MRB402 (CID 117986400)
[FAIL] MRB406/MRB20 (CID 52953008)
[OK] MRB201 (CID 73775029)
[OK] MRB409 (CID 125265188)
[OK] MRB410 (CID 22117249)
[OK] MRB411 (CID 117986481)
[OK] MRB205 (CID 458983)
[OK] MRB209 (CID 15908)
[OK] MRB501 (CID 104454)
[OK] MRB502 (CID 74143)
[OK] MRB503 (CID 82257240)
[OK] MRB504 (CID 43519927)
[OK] MNK100 (CID 5281040)
[OK] MNK202 (CID 46782398)
[OK] MNK203 (CID 24954023)
[OK] MNK403 (CID 10646833)
[OK] MXF100 (CID 101526)
[OK] MXF201 (CID 10025461)
[OK] MCP100 (CID 5281078)
[OK] MCP205 (CID 6478685)
[OK] MCP206 (CID 446541)
[OK] NBM201 (CID 72941805)
[OK] NBM202 (CID 72941804)
[OK] NBM203 (CID 10911373)
[OK] NBM204 (CID 9859375)
[OK] NBM206 (CID 349174)
[OK] NBM401 (CID 18462436)
[OK] NPR100 (CID 156391)
[OK] NPR205 (CID 9899603)
[OK] NPR212 (CID 77506)
[OK] NPR214 (CID 78786)
[OK] NPR215 (CID 349181)
[OK] NTG100 (CID 5311309)
[OK] NTG206 (CID 71157707)
[OK] NTG207 (CID 25000304)
[OK] NBV100 (CID 11626384)
[OK] NBV402 (CID 71751137)
[OK] NFP100 (CID 4450)
[OK] NFP401 (CID 6813)
[OK] NFP402 (CID 90626)
[OK] NFP403 (CID 12659590)
[OK] NCR100 (CID 47528)
[OK] NCR201 (CID 5231241)
[OK] NFD201 (CID 128753)
[OK] NFD100 (CID 4485)
[OK] NFD202 (CID 128034)
[OK] NFD203 (CID 787117)
[OK] OCT100 (CID 51166)
[OK] OLN100 (CID 135398745)
[OK] OLN201 (CID 395460)
[OK] OLN401 (CID 67445262)
[OK] OLN402 (CID 689056)
[OK] OLM100 (CID 130881)
[OK] OLM201 (CID 158781)
[OK] OLM202 (CID 71751323)
[OK] OLM203 (CID 44193132)
[OK] OLM204 (CID 10700531)
[OK] OLM401 (CID 10600595)
[OK] OLM402 (CID 10236071)
[OK] OLM403 (CID 10286015)
[OK] OLM404 (CID 10562026)
[OK] OLM407 (CID 71751322)
[OK] OLM408 (CID 9888820)
[OK] OLM410 (CID 57325517)
[OK] OLM411 (CID 10053461)
[OK] OLM412 (CID 19036162)
[OK] OLM413 (CID 19036118)
[OK] OLM1414 (CID 9855518)
[OK] OLM415 (CID 10777339)
[OK] OLM416 (CID 57758775)
[OK] OLM417 (CID 10513320)
[OK] OLM418 (CID 10585136)
[OK] OLM419 (CID 71476577)
[OK] OLP303 (CID 41448)
[OK] OMP201 (CID 665603)
[OK] OMP203 (CID 155794)
[OK] OMP204 (CID 145900)
[OK] OMP205 (CID 10992053)
[OK] OMP209 (CID 21256701)
[OK] OMP401 (CID 11694258)
[OK] OMP402 (CID 5324591)
[OK] OND100 (CID 59774)
[OK] OND203 (CID 598875)
[OK] OND204 (CID 11790505)
[OK] OND206 (CID 12749)
[OK] OND207 (CID 2802909)
[OK] OND208 (CID 10891224)
[OK] OCP100 (CID 65784)
[OK] OXC100 (CID 34312)
[OK] OXC201 (CID 2554)
[OK] OXC203 (CID 11160106)
[OK] OXC205 (CID 9212)
[OK] OXY100 (CID 4622)
[OK] OZN100 (CID 52938427)
[OK] OZN401 (CID 142470713)
[OK] OZN402 (CID 25110506)
[OK] PNT100 (CID 4679)
[OK] PNT201 (CID 195546)
[OK] PNT202 (CID 9799341)
[OK] PNT203 (CID 5064774)
[OK] PNT401 (CID 16216928)
[OK] PNT402 (CID 23656392)
[OK] PNT403 (CID 23655654)
[OK] PVR100 (CID 6084)
[OK] PRB100 (CID 7456)
[OK] PRB401 (CID 20240)
[OK] PRB402 (CID 7175)
[OK] PRC100 (CID 1983)
[OK] PRC201 (CID 11972)
[OK] PRC202 (CID 74325)
[OK] PRC203 (CID 77579)
[OK] PRC204 (CID 904)
[OK] PRC205 (CID 7469)
[OK] PRC206 (CID 980)
[OK] PRC207 (CID 135502776)
[OK] PRC208 (CID 17499)
[OK] PRC209 (CID 8375)
[OK] PRC210 (CID 10871)
[OK] PRC211 (CID 403)
[OK] PRN100 (CID 26596)
[OK] PNC100 (CID 6869)
[OK] PNC202 (CID 19188)
[OK] PNC401 (CID 11082)
[OK] PHR100 (CID 5282139)
[OK] PHR402 (CID 95510)
[OK] PHN100 (CID 5284443)
[OK] PHN203 (CID 3024111)
[OK] PHN204 (CID 59940052)
[OK] PHN205 (CID 92565)
[OK] PHN401 (CID 3016408)
[OK] PHY100 (CID 657302)
[OK] PGL100 (CID 60560)
[OK] PGL201 (CID 46781869)
[OK] PGL202 (CID 10937126)
[OK] PGL203 (CID 17756229)
[OK] PGL401 (CID 9881522)
[OK] PGL402 (CID 10198397)
[OK] PGL403 (CID 10690658)
[OK] PGL404 (CID 5437)
[OK] PGL405 (CID 78894)
[OK] PGL406 (CID 517822)
[OK] PRF100 (CID 40632)
[OK] PRF201 (CID 15348)
[OK] PRF202 (CID 70482)
[OK] PRF203 (CID 996)
[OK] PRF204 (CID 7961)
[OK] PRX100 (CID 54676228)
[OK] PRX201 (CID 10439)
[OK] PRX204 (CID 81142)
[OK] PRX205 (CID 607195)
[OK] PRX206 (CID 4519624)
[OK] PRX207 (CID 54676531)
[OK] PRX210 (CID 54676532)
[OK] PRX211 (CID 54679348)
[OK] PRX212 (CID 54686201)
[OK] PRM401 (CID 16743100)
[OK] PRS100 (CID 10158453)
[OK] PRS204 (CID 11416277)
[OK] PRS207 (CID 59407286)
[OK] PRS209 (CID 15289941)
[OK] PRS401 (CID 15289920)
[OK] PRS403 (CID 59407287)
[OK] PRS404 (CID 23435874)
[OK] PRS405 (CID 25160756)
[OK] PRS406 (CID 23435871)
[OK] PRS407 (CID 131421385)
[OK] PRS408 (CID 22590975)
[OK] PRD100 (CID 5755)
[OK] PRG100 (CID 5486971)
[OK] PRG201 (CID 16101324)
[OK] PRG202 (CID 125889)
[OK] PRG203 (CID 1292)
[OK] PRG204 (CID 20071)
[OK] PRG401 (CID 16101323)
[OK] PRG402 (CID 10976240)
[OK] PRG403 (CID 11084586)
[OK] PRG404 (CID 10867083)
[OK] PFL100 (CID 4943)
[OK] PFL203 (CID 6943)
[OK] PFL205 (CID 11602828)
[OK] PFL206 (CID 12059)
[OK] PFL207 (CID 54154094)
[OK] PFL208 (CID 7465)
[OK] PFL209 (CID 7583)
[OK] PFL210 (CID 642540)
[OK] PFL211 (CID 13531071)
[OK] PFL214 (CID 25972)
[OK] PRP201 (CID 37369)
[OK] PRP202 (CID 129318345)
[OK] PRP203 (CID 603039)
[OK] PRP401 (CID 91521)
[OK] PRL100 (CID 9870009)
[OK] PRL404 (CID 54393661)
[OK] PRL405 (CID 19783269)
[OK] PRL406 (CID 10632401)
[OK] PRL407 (CID 74763469)
[OK] PRL401 (CID 53657990)
[OK] PRL402 (CID 54058480)
[OK] PRL403 (CID 10194032)
[OK] PLG100 (CID 442495)
[OK] QTP100 (CID 5281025)
[OK] QTP201 (CID 11487114)
[OK] QTP202 (CID 19842188)
[OK] QTP204 (CID 24740561)
[OK] QTP207 (CID 374829)
[OK] QTP208 (CID 29986777)
[OK] QTP209 (CID 10807021)
[OK] QTP401 (CID 10586481)
[OK] QTP402 (CID 16105)
[OK] QTP403 (CID 24740560)
[OK] RBP100 (CID 14720269)
[OK] RBP201 (CID 11740183)
[OK] RBP202 (CID 9949996)
[OK] RBP204 (CID 16095899)
[OK] RBP206 (CID 707035)
[OK] RBP209 (CID 16095901)
[OK] RBP211 (CID 11985)
[OK] RBP401 (CID 16095900)
[OK] RBP402 (CID 18792742)
[OK] RLX201 (CID 18410283)
[OK] RLX202 (CID 71315811)
[OK] RLX203 (CID 15484782)
[OK] RLX204 (CID 9863785)
[OK] RNL100 (CID 56959)
[OK] RNL301 (CID 98357)
[OK] RNL302 (CID 13560751)
[OK] RNL303 (CID 2608606)
[OK] RNL304 (CID 2900784)
[OK] RNL401 (CID 3516)
[OK] RNL402 (CID 98357)
[OK] RNL403 (CID 3159843)
[OK] RNL404 (CID 9990906)
[OK] RNL405 (CID 3144421)
[OK] RNL407 (CID 20249293)
[OK] RNL408 (CID 97669)
[OK] RNL409 (CID 14480057)
[OK] RNL411 (CID 15764466)
[OK] RNL412 (CID 71751975)
[OK] RVX100 (CID 9875401)
[OK] RVX401 (CID 11524901)
[OK] RVX308 (CID 78358408)
[OK] RVX501 (CID 11447375)
[OK] RVX502 (CID 11194854)
[OK] RVX503 (CID 719412)
[OK] RVX504 (CID 11074)
[OK] RVX505 (CID 719415)
[OK] RVX506 (CID 95048)
[OK] RVX507 (CID 7299)
[OK] RVX508 (CID 7835)
[OK] RVX509 (CID 6809)
[OK] RVX510 (CID 149428)
[OK] RVX511 (CID 5237652)
[OK] RZT100 (CID 77997)
[OK] RZT501 (CID 57609764)
[OK] RZT202 (CID 821219)
[OK] RSV100 (CID 5282455)
[OK] RSV204 (CID 29918986)
[OK] RSV211 (CID 129850323)
[OK] REV213 (CID 11271210)
[OK] RXT100 (CID 6915744)
[OK] RFN100 (CID 129228)
[OK] RFN401 (CID 10014469)
[OK] RFN402 (CID 67468395)
[OK] RFN403 (CID 66693141)
[OK] RFN301 (CID 21282647)
[OK] RFN302 (CID 22716778)
[OK] SLC401 (CID 135)
[OK] SLC402 (CID 12490)
[OK] SLC403 (CID 996)
[OK] STG100 (CID 11476287)
[OK] STG201 (CID 11432118)
[OK] STG204 (CID 49783992)
[OK] STG402 (CID 11961371)
[OK] STG404 (CID 54764463)
[OK] STG405 (CID 2762285)
[OK] STG406 (CID 11359981)
[OK] STG407 (CID 49784072)
[OK] STG408 (CID 7146288)
[OK] STG409 (CID 46836576)
[OK] STG411 (CID 165984324)
[OK] STG501 (CID 12832742)
[OK] STG502 (CID 56828183)
[OK] STG503 (CID 2777950)
[OK] STG504 (CID 16249)
[OK] SLF100 (CID 5329)
[OK] SLF203 (CID 66172)
[OK] SLF206 (CID 10444974)
[OK] SLP100 (CID 5338)
[OK] SVR401 (CID 53260164)
[OK] SVR405 (CID 10397578)
[OK] TDL100 (CID 110635)
[OK] TLM201 (CID 9796488)
[OK] TLM202 (CID 10029467)
[OK] TLM203 (CID 10076748)
[OK] TLM205 (CID 56605215)
[OK] TLM206 (CID 11978018)
[OK] TLM207 (CID 11961510)
[OK] TML208 (CID 9906257)
[OK] TLM401 (CID 11497808)
[OK] TLM402 (CID 44518369)
[OK] TLM403 (CID 1501912)
[OK] TLM404 (CID 10262831)
[OK] TMZ201 (CID 13925)
[OK] TMZ203 (CID 102697)
[OK] TMZ205 (CID 72793)
[OK] TMZ206 (CID 555847)
[OK] TMZ207 (CID 72941624)
[OK] TMZ401 (CID 80117)
[OK] TNL100 (CID 11996485)
[OK] TNL401 (CID 22029039)
[OK] TNL402 (CID 66996784)
[OK] TNL404 (CID 58516805)
[OK] TNL405 (CID 71460149)
[OK] TNL406 (CID 118521793)
[OK] TNL407 (CID 71460148)
[OK] TNL501 (CID 688615)
[OK] TRF100 (CID 54684141)
[FAIL] TRF401/LFN205 (CID 9860220)
[OK] TRF402 (CID 13609518)
[OK] TRF403 (CID 12503715)
[OK] TRF404 (CID 67685)
[OK] TRF202 (CID 3823803)
[FAIL] TRF405/LFN100 (CID 3899)
[OK] TRC100 (CID 54675776)
[OK] TRC101 (CID 54704426)
[OK] THM202 (CID 1390)
[OK] THN100 (CID 91886578)
[OK] TND100 (CID 5479)
[OK] TND201 (CID 12760)
[OK] TRB100 (CID 60947)
[OK] TRB401 (CID 10968629)
[OK] TLR402 (CID 3791643)
[OK] TLR201 (CID 11161175)
[OK] TLR204 (CID 68744643)
[OK] TLR205 (CID 9857017)
[OK] TLR403 (CID 11481905)
[OK] TLR404 (CID 11230196)
[OK] TRM100 (CID 63013)
[OK] TRM201 (CID 63015)
[OK] TRM202 (CID 71299213)
[OK] TRM205 (CID 359482)
[OK] TRM401 (CID 25271934)
[OK] TRG401 (CID 154574683)
[OK] TRG402 (CID 154574671)
[OK] TRG403 (CID 23089358)
[OK] TRG404 (CID 86295196)
[OK] TRG405 (CID 168443831)
[OK] TRL100 (CID 50248)
[OK] TRP100 (CID 5593)
[OK] TRP201 (CID 96681)
[OK] TRP202 (CID 44630282)
[OK] TRP203 (CID 10726)
[OK] TRP204 (CID 999)
[OK] URS401 (CID 441302)
[OK] VLG100 (CID 135413534)
[OK] VLG201 (CID 135398634)
[OK] VLG401 (CID 135433594)
[OK] VLS100 (CID 60846)
[OK] VLS201 (CID 5284633)
[OK] VLS202 (CID 11283894)
[OK] VLS203 (CID 58153851)
[OK] VLS401 (CID 6124)
[OK] VLS402 (CID 5921)
[OK] VLS403 (CID 43659)
[OK] VLS404 (CID 10353989)
[OK] VLS405 (CID 53879656)
[OK] VNL100 (CID 62923)
[OK] VNL203 (CID 9795856)
[OK] VNL204 (CID 3501942)
[OK] VNL205 (CID 2817659)
[OK] VNL206 (CID 13520349)
[OK] VNL207 (CID 15345869)
[OK] VNL208 (CID 71316032)
[OK] VNL401 (CID 125017)
[OK] VNL402 (CID 76559643)
[OK] VGB302 (CID 72942031)
[OK] VLD100 (CID 6918537)
[OK] VLD401 (CID 138112580)
[OK] VLD402 (CID 68253625)
[OK] VLD403 (CID 141398156)
[OK] VLD404 (CID 25057217)
[OK] VLD405 (CID 24848920)
[OK] VLD406 (CID 11816344)
[OK] VLD407 (CID 11063231)
[OK] VLD409 (CID 46783242)
[OK] VLD411 (CID 126154)
[OK] VLD412 (CID 10920982)
[OK] VLD413 (CID 45116061)
[OK] VLD501 (CID 11073883)
[OK] VLD502 (CID 81184)
[OK] VLD503 (CID 64152)
[OK] VLD504 (CID 658645)
[OK] VRT100 (CID 9966051)
[OK] VRT401 (CID 86343444)
[OK] VRT403 (CID 83617)
[OK] WRF100 (CID 54678486)
[OK] ZLP100 (CID 5732)
[OK] ZLP201 (CID 69512457)
[OK] ZLP401 (CID 11240440)
[OK] ZNS100 (CID 5734)
[OK] ZNS301 (CID 23674934)
[OK] ZNS303 (CID 71753034)
[OK] ZNS401 (CID 12506974)
[OK] ZNS402 (CID 301729)